   â–˛ Next.js 16.0.10 (Turbopack)
   - Environments: .env.local

   Creating an optimized production build ...
[baseline-browser-mapping] The data in this module is over two months old.  To ensure accurate Baseline data, please update: `npm i baseline-browser-mapping@latest -D`
 âś“ Compiled successfully in 11.9s
   Running TypeScript ...
   Collecting page data using 13 workers ...
   Generating static pages using 13 workers (0/242) ...
   Generating static pages using 13 workers (60/242) 
   Generating static pages using 13 workers (120/242) 
   Generating static pages using 13 workers (181/242) 
 âś“ Generating static pages using 13 workers (242/242) in 3.3s
   Finalizing page optimization ...

Route (app)
â”Ś â—‹ /
â”ś Ć’ /api/admin/migrate-supplier
â”ś Ć’ /api/ai/analytics/kpi
â”ś Ć’ /api/ai/chat
â”ś Ć’ /api/ai/intelligence/consumption
â”ś Ć’ /api/ai/intelligence/days-of-cover
â”ś Ć’ /api/ai/intelligence/expiry-risk
â”ś Ć’ /api/ai/intelligence/overstock-risk
â”ś Ć’ /api/ai/intelligence/shortage-risk
â”ś Ć’ /api/ai/intelligence/utilization
â”ś Ć’ /api/ai/orders/status
â”ś Ć’ /api/ai/simulation/compare
â”ś Ć’ /api/ai/simulation/demand-increase
â”ś Ć’ /api/ai/simulation/lead-time-increase
â”ś Ć’ /api/ai/simulation/shift-change
â”ś Ć’ /api/ai/simulation/storage-reduction
â”ś Ć’ /api/ai/simulation/templates
â”ś Ć’ /api/ai/stock/balance
â”ś Ć’ /api/ai/stock/consumption
â”ś Ć’ /api/ai/stock/movements
â”ś Ć’ /api/ai/warehouse/locations
â”ś Ć’ /api/auth/audit-logs
â”ś Ć’ /api/auth/change-password
â”ś Ć’ /api/auth/check-email
â”ś Ć’ /api/auth/login
â”ś Ć’ /api/auth/login-attempts
â”ś Ć’ /api/auth/logout
â”ś Ć’ /api/auth/me
â”ś Ć’ /api/auth/permissions
â”ś Ć’ /api/auth/register
â”ś Ć’ /api/auth/reset-password-direct
â”ś Ć’ /api/auth/sessions
â”ś Ć’ /api/auth/sessions/[id]
â”ś Ć’ /api/auth/settings
â”ś Ć’ /api/auth/settings/[key]
â”ś Ć’ /api/bonus-face-sheets
â”ś Ć’ /api/bonus-face-sheets/assign-locations
â”ś Ć’ /api/bonus-face-sheets/checklist
â”ś Ć’ /api/bonus-face-sheets/check-matching
â”ś Ć’ /api/bonus-face-sheets/confirm-pick-to-staging
â”ś Ć’ /api/bonus-face-sheets/delivery-document
â”ś Ć’ /api/bonus-face-sheets/[id]
â”ś Ć’ /api/bonus-face-sheets/[id]/delete
â”ś Ć’ /api/bonus-face-sheets/loadlist-counts
â”ś Ć’ /api/bonus-face-sheets/mapped-face-sheets
â”ś Ć’ /api/bonus-face-sheets/orders
â”ś Ć’ /api/bonus-face-sheets/packages
â”ś Ć’ /api/bonus-face-sheets/pick-list
â”ś Ć’ /api/bonus-face-sheets/print
â”ś Ć’ /api/bonus-face-sheets/stock-adjust
â”ś Ć’ /api/bonus-face-sheets/stock-count
â”ś Ć’ /api/bonus-face-sheets/storage-placement
â”ś Ć’ /api/bonus-face-sheets/trip-counts
â”ś Ć’ /api/bonus-face-sheets/unloaded-packages
â”ś Ć’ /api/bonus-face-sheets/upload
â”ś Ć’ /api/dashboard/location-detail
â”ś Ć’ /api/dashboard/warehouse-map
â”ś Ć’ /api/debug-receives
â”ś Ć’ /api/employees
â”ś Ć’ /api/export-jobs
â”ś Ć’ /api/face-sheets/checklist
â”ś Ć’ /api/face-sheets/delivery-document
â”ś Ć’ /api/face-sheets/generate
â”ś Ć’ /api/face-sheets/[id]
â”ś Ć’ /api/face-sheets/[id]/delete
â”ś Ć’ /api/face-sheets/orders
â”ś Ć’ /api/file-uploads
â”ś Ć’ /api/freight-rates
â”ś Ć’ /api/freight-rates/by-province
â”ś Ć’ /api/geocoding
â”ś Ć’ /api/import-jobs
â”ś Ć’ /api/inventory/balances
â”ś Ć’ /api/inventory-balances/reset-reservations
â”ś Ć’ /api/inventory/misplaced-report
â”ś Ć’ /api/inventory/prep-area-balances
â”ś Ć’ /api/inventory/prep-area-balances/adjust
â”ś Ć’ /api/inventory/reservations
â”ś Ć’ /api/loadlists
â”ś Ć’ /api/loadlists/available-bfs
â”ś Ć’ /api/loadlists/available-bonus-face-sheets
â”ś Ć’ /api/loadlists/available-face-sheets
â”ś Ć’ /api/loadlists/available-picklists
â”ś Ć’ /api/loadlists/[id]
â”ś Ć’ /api/loadlists/[id]/depart
â”ś Ć’ /api/loadlists/[id]/scan
â”ś Ć’ /api/locations
â”ś Ć’ /api/master-customer
â”ś Ć’ /api/master-customer/import
â”ś Ć’ /api/master-customer-no-price-goods
â”ś Ć’ /api/master-customer-no-price-goods/import
â”ś Ć’ /api/master-customer/update-coordinates
â”ś Ć’ /api/master-customer/update-hub
â”ś Ć’ /api/master-data/locations
â”ś Ć’ /api/master-employee
â”ś Ć’ /api/master-employee/import
â”ś Ć’ /api/master-iv-document-type
â”ś Ć’ /api/master-iv-document-type/import
â”ś Ć’ /api/master-location
â”ś Ć’ /api/master-location/location-types
â”ś Ć’ /api/master-location/zones
â”ś Ć’ /api/master-sku
â”ś Ć’ /api/master-sku/[id]
â”ś Ć’ /api/master-supplier
â”ś Ć’ /api/master-supplier/next-code
â”ś Ć’ /api/master-vehicle
â”ś Ć’ /api/master-warehouse
â”ś Ć’ /api/mobile/bonus-face-sheet/scan
â”ś Ć’ /api/mobile/bonus-face-sheet/tasks/[id]
â”ś Ć’ /api/mobile/face-sheet/scan
â”ś Ć’ /api/mobile/face-sheet/tasks/[id]
â”ś Ć’ /api/mobile/loading/assign-employee
â”ś Ć’ /api/mobile/loading/complete
â”ś Ć’ /api/mobile/loading/items
â”ś Ć’ /api/mobile/loading/loadlist-detail
â”ś Ć’ /api/mobile/loading/preview
â”ś Ć’ /api/mobile/loading/related-bonus-loadlists
â”ś Ć’ /api/mobile/loading/tasks
â”ś Ć’ /api/mobile/loading/tasks/[id]
â”ś Ć’ /api/mobile/loading/update
â”ś Ć’ /api/mobile/loading/update-status
â”ś Ć’ /api/mobile/pick/scan
â”ś Ć’ /api/mobile/pick/tasks
â”ś Ć’ /api/mobile/pick/tasks/[id]
â”ś Ć’ /api/mobile/pick-up-pieces/tasks
â”ś Ć’ /api/mobile/pick-up-pieces/tasks/[id]
â”ś Ć’ /api/mobile/replenishment/tasks
â”ś Ć’ /api/mobile/replenishment/tasks/[id]
â”ś Ć’ /api/mobile/replenishment/tasks/[id]/complete
â”ś Ć’ /api/moves
â”ś Ć’ /api/moves/[id]/status
â”ś Ć’ /api/moves/item/[id]/status
â”ś Ć’ /api/moves/items/[id]
â”ś Ć’ /api/moves/quick-move
â”ś Ć’ /api/ocr/barcode
â”ś Ć’ /api/orders
â”ś Ć’ /api/orders/batch-delete
â”ś Ć’ /api/orders/batch-update
â”ś Ć’ /api/orders/dashboard
â”ś Ć’ /api/orders/[id]
â”ś Ć’ /api/orders/[id]/items
â”ś Ć’ /api/orders/[id]/rollback
â”ś Ć’ /api/orders/[id]/rollback-history
â”ś Ć’ /api/orders/[id]/rollback-preview
â”ś Ć’ /api/orders/import
â”ś Ć’ /api/orders/import/confirm
â”ś Ć’ /api/orders/returnable
â”ś Ć’ /api/orders/with-items
â”ś Ć’ /api/permission-modules
â”ś Ć’ /api/picklists
â”ś Ć’ /api/picklists/create-from-trip
â”ś Ć’ /api/picklists/create-from-trips-batch
â”ś Ć’ /api/picklists/[id]
â”ś Ć’ /api/picklists/[id]/complete
â”ś Ć’ /api/picklists/[id]/delete
â”ś Ć’ /api/picklists/[id]/items
â”ś Ć’ /api/picklists/[id]/items/confirm
â”ś Ć’ /api/picklists/[id]/print
â”ś Ć’ /api/preparation-areas
â”ś Ć’ /api/preparation-areas/[id]
â”ś Ć’ /api/preparation-areas/import
â”ś Ć’ /api/preparation-areas/template
â”ś Ć’ /api/preparation-areas/zones
â”ś Ć’ /api/production/actual
â”ś Ć’ /api/production/actual/[id]
â”ś Ć’ /api/production/forecast
â”ś Ć’ /api/production/forecast/[sku_id]
â”ś Ć’ /api/production/material-requisition
â”ś Ć’ /api/production/material-requisition/food
â”ś Ć’ /api/production/material-requisition/issue
â”ś Ć’ /api/production/orders
â”ś Ć’ /api/production/orders/food-stock
â”ś Ć’ /api/production/orders/[id]
â”ś Ć’ /api/production/orders/plan-data
â”ś Ć’ /api/production/packaging-adjustment
â”ś Ć’ /api/production/planning
â”ś Ć’ /api/production/planning/bom-calculation
â”ś Ć’ /api/production/planning/[id]
â”ś Ć’ /api/production/planning/next-plan-name
â”ś Ć’ /api/production/planning/skus-with-bom
â”ś Ć’ /api/receives
â”ś Ć’ /api/receives/dashboard
â”ś Ć’ /api/receives/generate-pallet-id
â”ś Ć’ /api/receives/generate-receive-no
â”ś Ć’ /api/receives/[id]
â”ś Ć’ /api/receives/[id]/link-production-order
â”ś Ć’ /api/receives/latest-pallet-id
â”ś Ć’ /api/receives/validate-pallet
â”ś Ć’ /api/receive/update-external-pallet
â”ś Ć’ /api/replenishment
â”ś Ć’ /api/replenishment/[id]
â”ś Ć’ /api/reports/391
â”ś Ć’ /api/reports/production
â”ś Ć’ /api/roles
â”ś Ć’ /api/roles/[id]
â”ś Ć’ /api/roles/[id]/permissions
â”ś Ć’ /api/route-plans
â”ś Ć’ /api/route-plans/all-trips
â”ś Ć’ /api/route-plans/cross-plan-transfer
â”ś Ć’ /api/route-plans/draft-orders
â”ś Ć’ /api/route-plans/[id]
â”ś Ć’ /api/route-plans/[id]/add-order
â”ś Ć’ /api/route-plans/[id]/batch-update
â”ś Ć’ /api/route-plans/[id]/bonus-orders
â”ś Ć’ /api/route-plans/[id]/can-delete
â”ś Ć’ /api/route-plans/[id]/delete
â”ś Ć’ /api/route-plans/[id]/editor
â”ś Ć’ /api/route-plans/[id]/metrics
â”ś Ć’ /api/route-plans/[id]/move-order
â”ś Ć’ /api/route-plans/[id]/reorder-stops
â”ś Ć’ /api/route-plans/[id]/split-stop
â”ś Ć’ /api/route-plans/[id]/trips
â”ś Ć’ /api/route-plans/inputs
â”ś Ć’ /api/route-plans/next-code
â”ś Ć’ /api/route-plans/optimize
â”ś Ć’ /api/route-plans/published
â”ś Ć’ /api/route-plans/stops/[id]/order
â”ś Ć’ /api/route-plans/trips-by-supplier
â”ś Ć’ /api/route-plans/trips/[id]
â”ś Ć’ /api/sku-options
â”ś Ć’ /api/sku-preparation-area-mapping
â”ś Ć’ /api/skus
â”ś Ć’ /api/stock-adjustments
â”ś Ć’ /api/stock-adjustments/check-availability
â”ś Ć’ /api/stock-adjustments/[id]
â”ś Ć’ /api/stock-adjustments/[id]/approve
â”ś Ć’ /api/stock-adjustments/[id]/cancel
â”ś Ć’ /api/stock-adjustments/[id]/complete
â”ś Ć’ /api/stock-adjustments/[id]/reject
â”ś Ć’ /api/stock-adjustments/[id]/submit
â”ś Ć’ /api/stock-adjustments/reasons
â”ś Ć’ /api/stock-alerts
â”ś Ć’ /api/stock-count/locations
â”ś Ć’ /api/stock-count/premium-packages/items
â”ś Ć’ /api/stock-count/premium-packages/locations
â”ś Ć’ /api/stock-count/premium-packages/ocr-scan
â”ś Ć’ /api/stock-count/premium-packages/scan
â”ś Ć’ /api/stock-count/premium-packages/sessions
â”ś Ć’ /api/stock-count/premium-packages/sessions/[id]
â”ś Ć’ /api/stock-count/prep-area/areas
â”ś Ć’ /api/stock-count/prep-area/items
â”ś Ć’ /api/stock-count/prep-area/items/[id]
â”ś Ć’ /api/stock-count/prep-area/sessions
â”ś Ć’ /api/stock-count/prep-area/sessions/[id]
â”ś Ć’ /api/stock-count/prep-area/sessions/[id]/items
â”ś Ć’ /api/stock-count/prep-area/sku
â”ś Ć’ /api/stock-count/scan
â”ś Ć’ /api/stock-count/sessions
â”ś Ć’ /api/stock-count/sessions/all-items
â”ś Ć’ /api/stock-count/sessions/[id]
â”ś Ć’ /api/stock-count/sessions/[id]/compare
â”ś Ć’ /api/stock-count/sessions/[id]/create-adjustment
â”ś Ć’ /api/stock-health
â”ś Ć’ /api/stock-import/batches
â”ś Ć’ /api/stock-import/batches/[id]
â”ś Ć’ /api/stock-import/batches/[id]/progress
â”ś Ć’ /api/stock-import/picking-area
â”ś Ć’ /api/stock-import/picking-area/process
â”ś Ć’ /api/stock-import/picking-area/validate
â”ś Ć’ /api/stock-import/process
â”ś Ć’ /api/stock-import/upload
â”ś Ć’ /api/stock-import/validate
â”ś Ć’ /api/storage-strategies
â”ś Ć’ /api/storage-strategies/import
â”ś Ć’ /api/storage-strategies/template
â”ś Ć’ /api/suppliers
â”ś Ć’ /api/system-users
â”ś Ć’ /api/transport-contracts
â”ś Ć’ /api/trips/with-special-orders
â”ś Ć’ /api/users
â”ś Ć’ /api/users/[id]
â”ś Ć’ /api/users/list
â”ś Ć’ /api/warehouse/bfs-staging-inventory
â”ś Ć’ /api/warehouse/delivery-inventory
â”ś Ć’ /api/warehouse/dispatch-inventory
â”ś Ć’ /api/warehouse/layout-inventory
â”ś Ć’ /api/warehouse/prep-area-packages
â”ś Ć’ /api/warehouse/prepared-documents
â”ś Ć’ /api/warehouses
â”ś â—‹ /change-password
â”ś â—‹ /dashboard
â”ś â—‹ /forgot-password
â”ś â—‹ /login
â”ś â—‹ /master-data
â”ś â—‹ /master-data/assets
â”ś â—‹ /master-data/bom
â”ś â—‹ /master-data/customer-rejection
â”ś â—‹ /master-data/customers
â”ś â—‹ /master-data/document-verification
â”ś â—‹ /master-data/document-verification/iv-document-types
â”ś â—‹ /master-data/employees
â”ś â—‹ /master-data/file-management
â”ś â—‹ /master-data/locations
â”ś â—‹ /master-data/preparation-area
â”ś â—‹ /master-data/products
â”ś â—‹ /master-data/roles
â”ś â—‹ /master-data/shipping-costs
â”ś â—‹ /master-data/storage-strategy
â”ś â—‹ /master-data/suppliers
â”ś â—‹ /master-data/users
â”ś â—‹ /master-data/vehicles
â”ś â—‹ /master-data/warehouses
â”ś â—‹ /mobile
â”ś Ć’ /mobile/bonus-face-sheet/[id]
â”ś Ć’ /mobile/face-sheet/[id]
â”ś â—‹ /mobile/loading
â”ś Ć’ /mobile/loading/[code]
â”ś â—‹ /mobile/pick
â”ś Ć’ /mobile/pick/[id]
â”ś â—‹ /mobile/pick-up-pieces
â”ś Ć’ /mobile/pick-up-pieces/[id]
â”ś â—‹ /mobile/receive
â”ś Ć’ /mobile/receive/[id]
â”ś â—‹ /mobile/receive/new
â”ś â—‹ /mobile/receive/production
â”ś â—‹ /mobile/stock-count
â”ś â—‹ /mobile/stock-count/premium-packages
â”ś â—‹ /mobile/stock-count/premium-packages-ocr
â”ś â—‹ /mobile/stock-count/prep-area
â”ś â—‹ /mobile/transfer
â”ś Ć’ /mobile/transfer/[id]
â”ś Ć’ /mobile/transfer/replenishment/[id]
â”ś â—‹ /_not-found
â”ś â—‹ /online-packing
â”ś â—‹ /online-packing/dashboard
â”ś â—‹ /online-packing/erp
â”ś â—‹ /online-packing/import
â”ś â—‹ /online-packing/products
â”ś â—‹ /online-packing/promotions
â”ś â—‹ /online-packing/returns
â”ś â—‹ /online-packing/settings
â”ś â—‹ /online-packing/users
â”ś â—‹ /production/actual
â”ś â—‹ /production/forecast
â”ś â—‹ /production/material-requisition
â”ś â—‹ /production/orders
â”ś â—‹ /production/planning
â”ś â—‹ /profile
â”ś â—‹ /profile/sessions
â”ś â—‹ /receiving
â”ś â—‹ /receiving/auto-replenishment
â”ś â—‹ /receiving/loadlists
â”ś â—‹ /receiving/orders
â”ś â—‹ /receiving/picklists
â”ś â—‹ /receiving/picklists/bonus-face-sheets
â”ś â—‹ /receiving/picklists/bonus-face-sheets/pack-form
â”ś â—‹ /receiving/picklists/face-sheets
â”ś Ć’ /receiving/picklists/[id]
â”ś â—‹ /receiving/routes
â”ś â—‹ /reports
â”ś â—‹ /reports/391
â”ś â—‹ /reports/production
â”ś â—‹ /shipping
â”ś â—‹ /stock-management/adjustment
â”ś â—‹ /stock-management/count
â”ś â—‹ /stock-management/import
â”ś â—‹ /stock-management/stock-count
â”ś â—‹ /warehouse/inbound
â”ś â—‹ /warehouse/inbound-new
â”ś â—‹ /warehouse/inventory-balances
â”ś â—‹ /warehouse/inventory-ledger
â”ś â—‹ /warehouse/misplaced-inventory
â”ś â—‹ /warehouse/preparation-area-inventory
â”” â—‹ /warehouse/transfer


Ć’ Proxy (Middleware)

â—‹  (Static)   prerendered as static content
Ć’  (Dynamic)  server-rendered on demand

